<?xml version="1.0" encoding="UTF-8"?>
<testng-results skipped="0" failed="0" total="1" passed="1">
  <reporter-output>
  </reporter-output>
  <suite name="Default suite" duration-ms="20927" started-at="2016-01-21T05:11:40Z" finished-at="2016-01-21T05:12:01Z">
    <groups>
    </groups>
    <test name="Default test" duration-ms="20927" started-at="2016-01-21T05:11:40Z" finished-at="2016-01-21T05:12:01Z">
      <class name="com.pageobjects.test.TempTest">
        <test-method status="PASS" signature="setUp()[pri:0, instance:com.pageobjects.test.TempTest@458ad742]" name="setUp" is-config="true" duration-ms="9629" started-at="2016-01-20T21:11:40Z" finished-at="2016-01-20T21:11:49Z">
          <reporter-output>
          </reporter-output>
        </test-method> <!-- setUp -->
        <test-method status="PASS" signature="test3()[pri:0, instance:com.pageobjects.test.TempTest@458ad742]" name="test3" duration-ms="10959" started-at="2016-01-20T21:11:49Z" finished-at="2016-01-20T21:12:00Z">
          <reporter-output>
          </reporter-output>
        </test-method> <!-- test3 -->
        <test-method status="PASS" signature="tearDown()[pri:0, instance:com.pageobjects.test.TempTest@458ad742]" name="tearDown" is-config="true" duration-ms="318" started-at="2016-01-20T21:12:00Z" finished-at="2016-01-20T21:12:01Z">
          <reporter-output>
          </reporter-output>
        </test-method> <!-- tearDown -->
      </class> <!-- com.pageobjects.test.TempTest -->
    </test> <!-- Default test -->
  </suite> <!-- Default suite -->
</testng-results>
